[debug] [2017-09-09T19:52:52.346Z] ----------------------------------------------------------------------
[debug] [2017-09-09T19:52:52.349Z] Command:       /usr/bin/nodejs /usr/bin/firebase deploy
[debug] [2017-09-09T19:52:52.349Z] CLI Version:   3.10.1
[debug] [2017-09-09T19:52:52.349Z] Platform:      linux
[debug] [2017-09-09T19:52:52.349Z] Node Version:  v6.11.2
[debug] [2017-09-09T19:52:52.350Z] Time:          Sun Sep 10 2017 02:52:52 GMT+0700 (WIB)
[debug] [2017-09-09T19:52:52.350Z] ----------------------------------------------------------------------
[debug] 
[debug] [2017-09-09T19:52:52.362Z] > command requires scopes: ["email","openid","https://www.googleapis.com/auth/cloudplatformprojects.readonly","https://www.googleapis.com/auth/firebase","https://www.googleapis.com/auth/cloud-platform"]
[debug] [2017-09-09T19:52:52.362Z] > authorizing via signed-in user
[debug] [2017-09-09T19:52:52.365Z] > refreshing access token with scopes: ["email","https://www.googleapis.com/auth/cloud-platform","https://www.googleapis.com/auth/cloudplatformprojects.readonly","https://www.googleapis.com/auth/firebase","openid"]
[debug] [2017-09-09T19:52:52.365Z] >>> HTTP REQUEST POST https://www.googleapis.com/oauth2/v3/token { refresh_token: '1/UWv9ZOZIBJL1GpIpTRgYlaAW_Cmd5yhgD4Ly78IR12I',
  client_id: '563584335869-fgrhgmd47bqnekij5i8b5pr03ho849e6.apps.googleusercontent.com',
  client_secret: 'j9iVZfS8kkCEFUPaAeJV0sAi',
  grant_type: 'refresh_token',
  scope: 'email https://www.googleapis.com/auth/cloud-platform https://www.googleapis.com/auth/cloudplatformprojects.readonly https://www.googleapis.com/auth/firebase openid' } 
 Sun Sep 10 2017 02:52:52 GMT+0700 (WIB)
[debug] [2017-09-09T19:52:52.675Z] <<< HTTP RESPONSE 200
[debug] [2017-09-09T19:52:52.704Z] >>> HTTP REQUEST GET https://admin.firebase.com/v1/projects/kanban-ab936  
 Sun Sep 10 2017 02:52:52 GMT+0700 (WIB)
[debug] [2017-09-09T19:52:53.941Z] <<< HTTP RESPONSE 200
[debug] [2017-09-09T19:52:53.943Z] >>> HTTP REQUEST GET https://admin.firebase.com/v1/database/kanban-ab936/tokens  
 Sun Sep 10 2017 02:52:53 GMT+0700 (WIB)
[debug] [2017-09-09T19:52:54.980Z] <<< HTTP RESPONSE 200
[info] 
[info] === Deploying to 'kanban-ab936'...
[info] 
[info] i  deploying hosting
[info] i  hosting: preparing ./dist directory for upload...
[debug] [2017-09-09T19:52:57.695Z] >>> HTTP REQUEST PUT https://deploy.firebase.com/v1/hosting/kanban-ab936/uploads/-KtcBwQewehmtmfwQV8K?fileCount=10&message=  
 Sun Sep 10 2017 02:52:57 GMT+0700 (WIB)
[debug] [2017-09-09T19:53:06.373Z] <<< HTTP RESPONSE 200
[debug] [2017-09-09T19:53:06.374Z] [hosting] .tgz uploaded successfully, waiting for extraction
